c:\users\денис\desktop\5лаба\5lab_static — копия\consoleapplication1\debug\mydll.pch
c:\users\денис\desktop\5лаба\5lab_static — копия\consoleapplication1\debug\vc120.pdb
c:\users\денис\desktop\5лаба\5lab_static — копия\consoleapplication1\debug\vc120.idb
c:\users\денис\desktop\5лаба\5lab_static — копия\consoleapplication1\debug\stdafx.obj
c:\users\денис\desktop\5лаба\5lab_static — копия\consoleapplication1\debug\mydll.obj
c:\users\денис\desktop\5лаба\5lab_static — копия\consoleapplication1\debug\dllmain.obj
c:\users\денис\desktop\5лаба\5lab_static — копия\debug\mydll.ilk
c:\users\денис\desktop\5лаба\5lab_static — копия\debug\mydll.dll
c:\users\денис\desktop\5лаба\5lab_static — копия\debug\mydll.pdb
c:\users\денис\desktop\5лаба\5lab_static — копия\debug\mydll.lib
c:\users\денис\desktop\5лаба\5lab_static — копия\debug\mydll.exp
c:\users\денис\desktop\5лаба\5lab_dynamic_obvious\consoleapplication1\debug\dllmain.obj
c:\users\денис\desktop\5лаба\5lab_dynamic_obvious\consoleapplication1\debug\mydll.obj
c:\users\денис\desktop\5лаба\5lab_dynamic_obvious\consoleapplication1\debug\stdafx.obj
c:\users\денис\desktop\5лаба\5lab_dynamic_obvious\consoleapplication1\debug\mydll.pch
c:\users\денис\desktop\5лаба\5lab_dynamic_obvious\consoleapplication1\debug\vc120.idb
c:\users\денис\desktop\5лаба\5lab_dynamic_obvious\consoleapplication1\debug\vc120.pdb
c:\users\денис\desktop\5лаба\5lab_dynamic_obvious\debug\mydll.pdb
c:\users\денис\desktop\5лаба\5lab_dynamic_obvious\debug\mydll.dll
c:\users\денис\desktop\5лаба\5lab_dynamic_obvious\debug\mydll.ilk
c:\users\денис\desktop\5лаба\5lab_dynamic_obvious\consoleapplication1\debug\mydll.tlog\cl.command.1.tlog
c:\users\денис\desktop\5лаба\5lab_dynamic_obvious\consoleapplication1\debug\mydll.tlog\cl.read.1.tlog
c:\users\денис\desktop\5лаба\5lab_dynamic_obvious\consoleapplication1\debug\mydll.tlog\cl.write.1.tlog
c:\users\денис\desktop\5лаба\5lab_dynamic_obvious\consoleapplication1\debug\mydll.tlog\link.command.1.tlog
c:\users\денис\desktop\5лаба\5lab_dynamic_obvious\consoleapplication1\debug\mydll.tlog\link.read.1.tlog
c:\users\денис\desktop\5лаба\5lab_dynamic_obvious\consoleapplication1\debug\mydll.tlog\link.write.1.tlog
c:\users\денис\desktop\5лаба\5lab_dynamic_obvious\consoleapplication1\debug\mydll.tlog\mydll.write.1u.tlog
